TN:
SF:/home/diegojs/react/trunk/admin-portal/app/src/react-app-env.d.ts
FNF:0
FNH:0
LF:0
LH:0
BRF:0
BRH:0
end_of_record
TN:
SF:/home/diegojs/react/trunk/admin-portal/app/src/bootstrap/App.tsx
FN:10,(anonymous_1)
FNF:1
FNH:1
FNDA:1,(anonymous_1)
DA:1,1
DA:2,1
DA:3,1
DA:10,1
DA:11,1
DA:14,1
LF:6
LH:6
BRF:0
BRH:0
end_of_record
TN:
SF:/home/diegojs/react/trunk/admin-portal/app/src/bootstrap/AppHistory.ts
FN:6,handleRouteChange
FN:15,(anonymous_2)
FNF:2
FNH:2
FNDA:6,handleRouteChange
FNDA:1,(anonymous_2)
DA:1,3
DA:2,3
DA:4,3
DA:7,6
DA:8,6
DA:9,2
DA:10,4
DA:11,2
DA:15,3
DA:17,3
LF:10
LH:10
BRDA:8,0,0,2
BRDA:8,0,1,4
BRDA:8,1,0,6
BRDA:8,1,1,3
BRDA:10,2,0,2
BRDA:10,2,1,2
BRDA:10,3,0,4
BRDA:10,3,1,3
BRF:8
BRH:8
end_of_record
TN:
SF:/home/diegojs/react/trunk/admin-portal/app/src/i18n/LoginFormMessage.tsx
FNF:0
FNH:0
DA:1,5
DA:2,5
DA:3,5
DA:4,5
DA:5,5
DA:6,5
DA:7,5
DA:8,5
LF:8
LH:8
BRF:0
BRH:0
end_of_record
TN:
SF:/home/diegojs/react/trunk/admin-portal/app/src/routes/AppRouter.tsx
FN:7,AppRouter
FN:8,(anonymous_2)
FNF:2
FNH:2
FNDA:6,AppRouter
FNDA:1,(anonymous_2)
DA:1,2
DA:2,2
DA:3,2
DA:4,2
DA:5,2
DA:8,6
DA:9,1
DA:12,6
DA:19,2
LF:9
LH:9
BRF:0
BRH:0
end_of_record
TN:
SF:/home/diegojs/react/trunk/admin-portal/app/src/routes/login/LoginRoute.tsx
FN:6,LoginRoute
FNF:1
FNH:1
FNDA:4,LoginRoute
DA:1,3
DA:2,3
DA:3,3
DA:4,3
DA:7,4
DA:16,3
LF:6
LH:6
BRF:0
BRH:0
end_of_record
TN:
SF:/home/diegojs/react/trunk/admin-portal/app/src/routes/login/components/LoginForm.tsx
FN:6,LoginForm
FN:7,(anonymous_3)
FN:11,(anonymous_4)
FNF:3
FNH:3
FNDA:13,LoginForm
FNDA:2,(anonymous_3)
FNDA:8,(anonymous_4)
DA:1,4
DA:2,4
DA:3,4
DA:5,4
DA:7,13
DA:8,2
DA:11,13
DA:12,8
DA:15,13
DA:18,4
LF:10
LH:10
BRF:0
BRH:0
end_of_record
TN:
SF:/home/diegojs/react/trunk/admin-portal/app/src/routes/login/components/LoginFormView.tsx
FN:22,(anonymous_2)
FN:33,LoginFormView
FN:36,(anonymous_4)
FN:41,(anonymous_5)
FN:50,(anonymous_6)
FNF:5
FNH:5
FNDA:10,(anonymous_2)
FNDA:11,LoginFormView
FNDA:1,(anonymous_4)
FNDA:10,(anonymous_5)
FNDA:33,(anonymous_6)
DA:1,5
DA:2,5
DA:3,5
DA:4,5
DA:5,5
DA:15,5
DA:16,5
DA:22,5
DA:23,10
DA:24,2
DA:25,8
DA:26,4
DA:27,4
DA:28,2
DA:30,2
DA:36,11
DA:37,1
DA:38,1
DA:41,11
DA:42,10
DA:43,10
DA:44,10
DA:45,8
DA:47,10
DA:50,11
DA:51,33
DA:68,11
DA:75,5
LF:28
LH:28
BRDA:23,0,0,2
BRDA:23,0,1,8
BRDA:25,1,0,4
BRDA:25,1,1,4
BRDA:27,2,0,2
BRDA:27,2,1,2
BRDA:44,3,0,8
BRDA:44,3,1,2
BRDA:55,4,0,11
BRDA:55,4,1,22
BRDA:55,5,0,33
BRDA:55,5,1,11
BRDA:55,6,0,33
BRDA:55,6,1,19
BRF:14
BRH:14
end_of_record
TN:
SF:/home/diegojs/react/trunk/admin-portal/app/src/routes/main/MainRoute.tsx
FN:3,MainRoute
FNF:1
FNH:1
FNDA:2,MainRoute
DA:1,3
DA:4,2
DA:6,3
LF:3
LH:3
BRF:0
BRH:0
end_of_record
TN:
SF:/home/diegojs/react/trunk/admin-portal/app/src/services/Palindrome.ts
FN:1,isPalindrome
FNF:1
FNH:1
FNDA:6,isPalindrome
DA:1,1
DA:2,6
DA:3,1
DA:5,5
DA:6,5
DA:7,5
DA:8,5
LF:7
LH:7
BRDA:2,0,0,1
BRDA:2,0,1,5
BRDA:8,1,0,5
BRDA:8,1,1,3
BRF:4
BRH:4
end_of_record
TN:
SF:/home/diegojs/react/trunk/admin-portal/app/src/services/auth/AuthService.ts
FN:1,login
FN:5,isAuthenticated
FNF:2
FNH:2
FNDA:1,login
FNDA:4,isAuthenticated
DA:1,6
DA:2,1
DA:5,6
DA:6,4
LF:4
LH:4
BRF:0
BRH:0
end_of_record
TN:
SF:/home/diegojs/react/trunk/admin-portal/app/src/services/navigation/NavigationService.ts
FN:3,goToRoute
FNF:1
FNH:1
FNDA:1,goToRoute
DA:1,1
DA:3,1
DA:4,1
DA:5,1
LF:4
LH:4
BRF:0
BRH:0
end_of_record
